<?xml version="1.0" encoding="UTF-8"?>
<testsuite xmlns:xsi="http://www.w3.org/2001/XMLSchema-instance" xsi:noNamespaceSchemaLocation="https://maven.apache.org/surefire/maven-surefire-plugin/xsd/surefire-test-report.xsd" name="com.udacity.ecommerce.controllers.UserControllerTest" time="0.021" tests="3" errors="0" skipped="0" failures="0">
  <properties>
[...]
</properties>
  <testcase name="createUserPasswordTest" classname="com.udacity.ecommerce.controllers.UserControllerTest" time="0.002"/>
  <testcase name="getUserByName" classname="com.udacity.ecommerce.controllers.UserControllerTest" time="0.001"/>
  <testcase name="getUserByIdTest" classname="com.udacity.ecommerce.controllers.UserControllerTest" time="0.001"/>
</testsuite>